C:\USERS\KNOY325A\DESKTOP\KINECTOPENGLSAMPLES\BODYTRACKING\DEBUG\MAIN.OBJ
C:\USERS\KNOY325A\DESKTOP\KINECTOPENGLSAMPLES\BODYTRACKING\DEBUG\VC110.PDB
C:\USERS\KNOY325A\DESKTOP\KINECTOPENGLSAMPLES\DEBUG\BODYTRACKING.ILK
C:\USERS\KNOY325A\DESKTOP\KINECTOPENGLSAMPLES\DEBUG\BODYTRACKING.EXE
C:\USERS\KNOY325A\DESKTOP\KINECTOPENGLSAMPLES\DEBUG\BODYTRACKING.PDB
C:\Users\knoy325a\Desktop\KinectOpenGLSamples\BodyTracking\Debug\Main.obj
C:\Users\knoy325a\Desktop\KinectOpenGLSamples\BodyTracking\Debug\cl.command.1.tlog
C:\Users\knoy325a\Desktop\KinectOpenGLSamples\BodyTracking\Debug\CL.read.1.tlog
C:\Users\knoy325a\Desktop\KinectOpenGLSamples\BodyTracking\Debug\CL.write.1.tlog
C:\Users\knoy325a\Desktop\KinectOpenGLSamples\BodyTracking\Debug\link-cvtres.read.1.tlog
C:\Users\knoy325a\Desktop\KinectOpenGLSamples\BodyTracking\Debug\link-cvtres.write.1.tlog
C:\Users\knoy325a\Desktop\KinectOpenGLSamples\BodyTracking\Debug\link-rc.read.1.tlog
C:\Users\knoy325a\Desktop\KinectOpenGLSamples\BodyTracking\Debug\link-rc.write.1.tlog
C:\Users\knoy325a\Desktop\KinectOpenGLSamples\BodyTracking\Debug\link.command.1.tlog
C:\Users\knoy325a\Desktop\KinectOpenGLSamples\BodyTracking\Debug\link.read.1.tlog
C:\Users\knoy325a\Desktop\KinectOpenGLSamples\BodyTracking\Debug\link.write.1.tlog
C:\Users\knoy325a\Desktop\KinectOpenGLSamples\BodyTracking\Debug\vc110.idb
C:\Users\knoy325a\Desktop\KinectOpenGLSamples\BodyTracking\Debug\vc110.pdb
C:\Users\knoy325a\Desktop\KinectOpenGLSamples\Debug\BodyTracking.pdb
C:\Users\knoy325a\Desktop\KinectOpenGLSamples\Debug\BodyTracking.exe
C:\Users\knoy325a\Desktop\KinectOpenGLSamples\Debug\BodyTracking.ilk
